<?xml version="1.0" encoding="UTF-8"?>
<!-- Generated by org.testng.reporters.JUnitXMLReporter -->
<testsuite ignored="0" hostname="Krupal_Chavda" failures="0" tests="3" name="Default test" time="4.313" errors="0" timestamp="01 Feb 2025 04:41:15 GMT">
  <testcase classname="testcases.FindNewCarTest" name="findNewCar" time="4.054"/>
  <testcase classname="testcases.FindNewCarTest" name="findNewCar" time="0.001">
    <skipped/>
  </testcase> <!-- findNewCar -->
  <testcase classname="testcases.FindNewCarTest" name="findNewCar" time="0.001">
    <skipped/>
  </testcase> <!-- findNewCar -->
</testsuite> <!-- Default test -->
