<?xml version="1.0" encoding="UTF-8"?>
<testng-results ignored="0" total="3" passed="3" failed="0" skipped="0">
  <reporter-output>
  </reporter-output>
  <suite started-at="2025-02-01T07:53:58Z" name="Suite" finished-at="2025-02-01T07:54:19Z" duration-ms="20324">
    <groups>
    </groups>
    <test started-at="2025-02-01T07:53:58Z" name="Car Name and Price Test" finished-at="2025-02-01T07:54:19Z" duration-ms="20324">
      <class name="testcases.CarNameAndPriceTest">
        <test-method signature="carNameAndPrice(java.lang.String, java.lang.String, java.lang.String, java.lang.String)[pri:0, instance:testcases.CarNameAndPriceTest@73163d48]" started-at="2025-02-01T07:53:58Z" name="carNameAndPrice" data-provider="dp1" finished-at="2025-02-01T07:54:05Z" duration-ms="7199" status="PASS">
          <params>
            <param index="0">
              <value>
                <![CDATA[chrome]]>
              </value>
            </param>
            <param index="1">
              <value>
                <![CDATA[Hyundai]]>
              </value>
            </param>
            <param index="2">
              <value>
                <![CDATA[Hyundai Cars]]>
              </value>
            </param>
            <param index="3">
              <value>
                <![CDATA[Y]]>
              </value>
            </param>
          </params>
          <reporter-output>
          </reporter-output>
        </test-method> <!-- carNameAndPrice -->
        <test-method is-config="true" signature="tearDown()[pri:0, instance:testcases.CarNameAndPriceTest@73163d48]" started-at="2025-02-01T07:54:05Z" name="tearDown" finished-at="2025-02-01T07:54:06Z" duration-ms="433" status="PASS">
          <reporter-output>
          </reporter-output>
        </test-method> <!-- tearDown -->
        <test-method signature="carNameAndPrice(java.lang.String, java.lang.String, java.lang.String, java.lang.String)[pri:0, instance:testcases.CarNameAndPriceTest@73163d48]" started-at="2025-02-01T07:54:06Z" name="carNameAndPrice" data-provider="dp1" finished-at="2025-02-01T07:54:13Z" duration-ms="6638" status="PASS">
          <params>
            <param index="0">
              <value>
                <![CDATA[chrome]]>
              </value>
            </param>
            <param index="1">
              <value>
                <![CDATA[BMW]]>
              </value>
            </param>
            <param index="2">
              <value>
                <![CDATA[BMW Cars]]>
              </value>
            </param>
            <param index="3">
              <value>
                <![CDATA[Y]]>
              </value>
            </param>
          </params>
          <reporter-output>
          </reporter-output>
        </test-method> <!-- carNameAndPrice -->
        <test-method is-config="true" signature="tearDown()[pri:0, instance:testcases.CarNameAndPriceTest@73163d48]" started-at="2025-02-01T07:54:13Z" name="tearDown" finished-at="2025-02-01T07:54:13Z" duration-ms="354" status="PASS">
          <reporter-output>
          </reporter-output>
        </test-method> <!-- tearDown -->
        <test-method signature="carNameAndPrice(java.lang.String, java.lang.String, java.lang.String, java.lang.String)[pri:0, instance:testcases.CarNameAndPriceTest@73163d48]" started-at="2025-02-01T07:54:13Z" name="carNameAndPrice" data-provider="dp1" finished-at="2025-02-01T07:54:18Z" duration-ms="5320" status="PASS">
          <params>
            <param index="0">
              <value>
                <![CDATA[chrome]]>
              </value>
            </param>
            <param index="1">
              <value>
                <![CDATA[Toyota]]>
              </value>
            </param>
            <param index="2">
              <value>
                <![CDATA[Toyota Cars]]>
              </value>
            </param>
            <param index="3">
              <value>
                <![CDATA[Y]]>
              </value>
            </param>
          </params>
          <reporter-output>
          </reporter-output>
        </test-method> <!-- carNameAndPrice -->
        <test-method is-config="true" signature="tearDown()[pri:0, instance:testcases.CarNameAndPriceTest@73163d48]" started-at="2025-02-01T07:54:18Z" name="tearDown" finished-at="2025-02-01T07:54:19Z" duration-ms="295" status="PASS">
          <reporter-output>
          </reporter-output>
        </test-method> <!-- tearDown -->
      </class> <!-- testcases.CarNameAndPriceTest -->
    </test> <!-- Car Name and Price Test -->
  </suite> <!-- Suite -->
</testng-results>
