<?xml version="1.0" encoding="UTF-8"?>
<!-- Generated by org.testng.reporters.JUnitXMLReporter -->
<testsuite ignored="0" hostname="Krupal_Chavda" failures="0" tests="3" name="Car Name and Price Test" time="18.468" errors="0" timestamp="2025-02-01T14:11:16 IST">
  <testcase classname="testcases.CarNameAndPriceTest" name="carNameAndPrice" time="6.849"/>
  <testcase classname="testcases.CarNameAndPriceTest" name="carNameAndPrice" time="6.076"/>
  <testcase classname="testcases.CarNameAndPriceTest" name="carNameAndPrice" time="4.448"/>
</testsuite> <!-- Car Name and Price Test -->
