<?xml version="1.0" encoding="UTF-8"?>
<!-- Generated by org.testng.reporters.JUnitXMLReporter -->
<testsuite ignored="0" hostname="Krupal_Chavda" failures="0" tests="3" name="Car Name and Price Test" time="20.324" errors="0" timestamp="01 Feb 2025 07:54:19 GMT">
  <testcase classname="testcases.CarNameAndPriceTest" name="carNameAndPrice" time="7.199"/>
  <testcase classname="testcases.CarNameAndPriceTest" name="carNameAndPrice" time="6.638"/>
  <testcase classname="testcases.CarNameAndPriceTest" name="carNameAndPrice" time="5.32"/>
</testsuite> <!-- Car Name and Price Test -->
