<?xml version="1.0" encoding="UTF-8"?>
<!-- Generated by org.testng.reporters.JUnitXMLReporter -->
<testsuite ignored="0" hostname="Krupal_Chavda" failures="0" tests="3" name="Find New Car Test" time="23.124" errors="0" timestamp="01 Feb 2025 07:36:09 GMT">
  <testcase classname="testcases.FindNewCarTest" name="findNewCar" time="6.086"/>
  <testcase classname="testcases.FindNewCarTest" name="findNewCar" time="9.751"/>
  <testcase classname="testcases.FindNewCarTest" name="findNewCar" time="4.746"/>
</testsuite> <!-- Find New Car Test -->
