<?xml version="1.0" encoding="UTF-8"?>
<testng-results ignored="0" total="3" passed="3" failed="0" skipped="0">
  <reporter-output>
  </reporter-output>
  <suite started-at="2025-02-01T14:10:57 IST" name="Suite" finished-at="2025-02-01T14:11:15 IST" duration-ms="18468">
    <groups>
    </groups>
    <test started-at="2025-02-01T14:10:57 IST" name="Car Name and Price Test" finished-at="2025-02-01T14:11:15 IST" duration-ms="18468">
      <class name="testcases.CarNameAndPriceTest">
        <test-method signature="carNameAndPrice(java.lang.String,java.lang.String,java.lang.String,java.lang.String)[pri:0, instance:testcases.CarNameAndPriceTest@6955cb39]" started-at="2025-02-01T14:10:57 IST" name="carNameAndPrice" data-provider="dp1" finished-at="2025-02-01T14:11:04 IST" duration-ms="6849" status="PASS">
          <params>
            <param index="0">
              <value>
                <![CDATA[chrome]]>
              </value>
            </param>
            <param index="1">
              <value>
                <![CDATA[Hyundai]]>
              </value>
            </param>
            <param index="2">
              <value>
                <![CDATA[Hyundai Cars]]>
              </value>
            </param>
            <param index="3">
              <value>
                <![CDATA[Y]]>
              </value>
            </param>
          </params>
          <reporter-output>
          </reporter-output>
        </test-method> <!-- carNameAndPrice -->
        <test-method is-config="true" signature="tearDown()[pri:0, instance:testcases.CarNameAndPriceTest@6955cb39]" started-at="2025-02-01T14:11:04 IST" name="tearDown" finished-at="2025-02-01T14:11:04 IST" duration-ms="343" status="PASS">
          <reporter-output>
          </reporter-output>
        </test-method> <!-- tearDown -->
        <test-method signature="carNameAndPrice(java.lang.String,java.lang.String,java.lang.String,java.lang.String)[pri:0, instance:testcases.CarNameAndPriceTest@6955cb39]" started-at="2025-02-01T14:11:04 IST" name="carNameAndPrice" data-provider="dp1" finished-at="2025-02-01T14:11:10 IST" duration-ms="6076" status="PASS">
          <params>
            <param index="0">
              <value>
                <![CDATA[chrome]]>
              </value>
            </param>
            <param index="1">
              <value>
                <![CDATA[BMW]]>
              </value>
            </param>
            <param index="2">
              <value>
                <![CDATA[BMW Cars]]>
              </value>
            </param>
            <param index="3">
              <value>
                <![CDATA[Y]]>
              </value>
            </param>
          </params>
          <reporter-output>
          </reporter-output>
        </test-method> <!-- carNameAndPrice -->
        <test-method is-config="true" signature="tearDown()[pri:0, instance:testcases.CarNameAndPriceTest@6955cb39]" started-at="2025-02-01T14:11:10 IST" name="tearDown" finished-at="2025-02-01T14:11:10 IST" duration-ms="349" status="PASS">
          <reporter-output>
          </reporter-output>
        </test-method> <!-- tearDown -->
        <test-method signature="carNameAndPrice(java.lang.String,java.lang.String,java.lang.String,java.lang.String)[pri:0, instance:testcases.CarNameAndPriceTest@6955cb39]" started-at="2025-02-01T14:11:10 IST" name="carNameAndPrice" data-provider="dp1" finished-at="2025-02-01T14:11:15 IST" duration-ms="4448" status="PASS">
          <params>
            <param index="0">
              <value>
                <![CDATA[chrome]]>
              </value>
            </param>
            <param index="1">
              <value>
                <![CDATA[Toyota]]>
              </value>
            </param>
            <param index="2">
              <value>
                <![CDATA[Toyota Cars]]>
              </value>
            </param>
            <param index="3">
              <value>
                <![CDATA[Y]]>
              </value>
            </param>
          </params>
          <reporter-output>
          </reporter-output>
        </test-method> <!-- carNameAndPrice -->
        <test-method is-config="true" signature="tearDown()[pri:0, instance:testcases.CarNameAndPriceTest@6955cb39]" started-at="2025-02-01T14:11:15 IST" name="tearDown" finished-at="2025-02-01T14:11:15 IST" duration-ms="271" status="PASS">
          <reporter-output>
          </reporter-output>
        </test-method> <!-- tearDown -->
      </class> <!-- testcases.CarNameAndPriceTest -->
    </test> <!-- Car Name and Price Test -->
  </suite> <!-- Suite -->
</testng-results>
