<?xml version="1.0" encoding="UTF-8"?>
<testng-results ignored="0" total="2" passed="2" failed="0" skipped="0">
  <reporter-output>
  </reporter-output>
  <suite started-at="2024-08-10T08:39:45 IST" name="Data Driven Basics" finished-at="2024-08-10T08:39:47 IST" duration-ms="1597">
    <groups>
    </groups>
    <test started-at="2024-08-10T08:39:45 IST" name="Bank Manager Login Test" finished-at="2024-08-10T08:39:45 IST" duration-ms="288">
      <class name="com.kbc.testcases.BankManagerLoginTest">
        <test-method signature="loginAsBankManager()[pri:0, instance:com.kbc.testcases.BankManagerLoginTest@24fabd0f]" started-at="2024-08-10T08:39:45 IST" name="loginAsBankManager" finished-at="2024-08-10T08:39:45 IST" duration-ms="253" status="PASS">
          <reporter-output>
          </reporter-output>
        </test-method> <!-- loginAsBankManager -->
      </class> <!-- com.kbc.testcases.BankManagerLoginTest -->
    </test> <!-- Bank Manager Login Test -->
    <test started-at="2024-08-10T08:39:46 IST" name="Add Cutomer Test" finished-at="2024-08-10T08:39:47 IST" duration-ms="1027">
      <class name="com.kbc.testcases.AddCustomerTest">
        <test-method is-config="true" signature="setup()[pri:0, instance:com.kbc.testcases.AddCustomerTest@77d18d0b]" started-at="2024-08-10T08:39:43 IST" name="setup" finished-at="2024-08-10T08:39:45 IST" duration-ms="1968" status="PASS">
          <reporter-output>
          </reporter-output>
        </test-method> <!-- setup -->
        <test-method signature="addCustomerTest(java.lang.String,java.lang.String,java.lang.String,java.lang.String)[pri:0, instance:com.kbc.testcases.AddCustomerTest@77d18d0b]" started-at="2024-08-10T08:39:46 IST" name="addCustomerTest" data-provider="dp" finished-at="2024-08-10T08:39:47 IST" duration-ms="1010" status="PASS">
          <params>
            <param index="0">
              <value>
                <![CDATA[krupal]]>
              </value>
            </param>
            <param index="1">
              <value>
                <![CDATA[chavda]]>
              </value>
            </param>
            <param index="2">
              <value>
                <![CDATA[1975.0]]>
              </value>
            </param>
            <param index="3">
              <value>
                <![CDATA[Customer added successfully with customer id]]>
              </value>
            </param>
          </params>
          <reporter-output>
          </reporter-output>
        </test-method> <!-- addCustomerTest -->
        <test-method is-config="true" signature="teardown()[pri:0, instance:com.kbc.testcases.AddCustomerTest@77d18d0b]" started-at="2024-08-10T08:39:47 IST" name="teardown" finished-at="2024-08-10T08:39:47 IST" duration-ms="178" status="PASS">
          <reporter-output>
          </reporter-output>
        </test-method> <!-- teardown -->
      </class> <!-- com.kbc.testcases.AddCustomerTest -->
    </test> <!-- Add Cutomer Test -->
  </suite> <!-- Data Driven Basics -->
</testng-results>
